0 info it worked if it ends with ok
1 verbose cli [ 'node',
1 verbose cli   '/Users/dblue/.nvm/v0.10.36/bin/npm',
1 verbose cli   'start',
1 verbose cli   'server' ]
2 info using npm@2.11.3
3 info using node@v0.10.36
4 verbose stack Error: missing script: start
4 verbose stack     at run (/Users/dblue/.nvm/v0.10.36/lib/node_modules/npm/lib/run-script.js:142:19)
4 verbose stack     at /Users/dblue/.nvm/v0.10.36/lib/node_modules/npm/lib/run-script.js:58:5
4 verbose stack     at /Users/dblue/.nvm/v0.10.36/lib/node_modules/npm/node_modules/read-package-json/read-json.js:345:5
4 verbose stack     at checkBinReferences_ (/Users/dblue/.nvm/v0.10.36/lib/node_modules/npm/node_modules/read-package-json/read-json.js:309:45)
4 verbose stack     at final (/Users/dblue/.nvm/v0.10.36/lib/node_modules/npm/node_modules/read-package-json/read-json.js:343:3)
4 verbose stack     at then (/Users/dblue/.nvm/v0.10.36/lib/node_modules/npm/node_modules/read-package-json/read-json.js:113:5)
4 verbose stack     at /Users/dblue/.nvm/v0.10.36/lib/node_modules/npm/node_modules/read-package-json/read-json.js:300:12
4 verbose stack     at evalmachine.<anonymous>:272:14
4 verbose stack     at /Users/dblue/.nvm/v0.10.36/lib/node_modules/npm/node_modules/graceful-fs/graceful-fs.js:102:5
4 verbose stack     at Object.oncomplete (evalmachine.<anonymous>:108:15)
5 verbose cwd /Users/dblue/Documents/projects/rex
6 error Darwin 14.3.0
7 error argv "node" "/Users/dblue/.nvm/v0.10.36/bin/npm" "start" "server"
8 error node v0.10.36
9 error npm  v2.11.3
10 error missing script: start
11 error If you need help, you may report this error at:
11 error     <https://github.com/npm/npm/issues>
12 verbose exit [ 1, true ]
